OID=.1.3.6.1.2.1.1.1.0, Type=OctetString, Value=SNMP Card for HUAWEI UPS2000
OID=.1.3.6.1.2.1.1.2.0, Type=OID, Value=1.3.6.1.4.1.2011.6.174.4.1.2.5
OID=.1.3.6.1.2.1.1.3.0, Type=TimeTicks, Value=191 days, 20:33:50.14
OID=.1.3.6.1.2.1.1.4.0, Type=OctetString, Value=Not Configure System Contact
OID=.1.3.6.1.2.1.1.5.0, Type=OctetString, Value=ups2000
OID=.1.3.6.1.2.1.1.6.0, Type=OctetString, Value=Not Configure System Location
OID=.1.3.6.1.2.1.1.8.0, Type=TimeTicks, Value=0:00:00.26
OID=.1.3.6.1.2.1.1.9.1.2.1, Type=OID, Value=1.3.6.1.6.3.1
OID=.1.3.6.1.2.1.1.9.1.2.2, Type=OID, Value=1.3.6.1.6.3.16.2.2.1
OID=.1.3.6.1.2.1.1.9.1.2.3, Type=OID, Value=1.3.6.1.6.3.11.3.1.1
OID=.1.3.6.1.2.1.1.9.1.2.4, Type=OID, Value=1.3.6.1.6.3.15.2.1.1
OID=.1.3.6.1.2.1.1.9.1.2.5, Type=OID, Value=1.3.6.1.6.3.10.3.1.1
OID=.1.3.6.1.2.1.1.9.1.3.1, Type=OctetString, Value=The MIB module for SNMPv2 entities
OID=.1.3.6.1.2.1.1.9.1.3.2, Type=OctetString, Value=View-based Access Control Model for SNMP.
OID=.1.3.6.1.2.1.1.9.1.3.3, Type=OctetString, Value=The MIB for Message Processing and Dispatching.
OID=.1.3.6.1.2.1.1.9.1.3.4, Type=OctetString, Value=The management information definitions for the SNMP User-based Security Mode
l.
OID=.1.3.6.1.2.1.1.9.1.3.5, Type=OctetString, Value=The SNMP Management Architecture MIB.
OID=.1.3.6.1.2.1.1.9.1.4.1, Type=TimeTicks, Value=0:00:00.23
OID=.1.3.6.1.2.1.1.9.1.4.2, Type=TimeTicks, Value=0:00:00.25
OID=.1.3.6.1.2.1.1.9.1.4.3, Type=TimeTicks, Value=0:00:00.26
OID=.1.3.6.1.2.1.1.9.1.4.4, Type=TimeTicks, Value=0:00:00.26
OID=.1.3.6.1.2.1.1.9.1.4.5, Type=TimeTicks, Value=0:00:00.26
OID=.1.3.6.1.2.1.11.1.0, Type=Counter32, Value=86257        
OID=.1.3.6.1.2.1.11.2.0, Type=Counter32, Value=6717
OID=.1.3.6.1.2.1.11.3.0, Type=Counter32, Value=0
OID=.1.3.6.1.2.1.11.4.0, Type=Counter32, Value=79539        
OID=.1.3.6.1.2.1.11.5.0, Type=Counter32, Value=0
OID=.1.3.6.1.2.1.11.6.0, Type=Counter32, Value=0
OID=.1.3.6.1.2.1.11.8.0, Type=Counter32, Value=0
OID=.1.3.6.1.2.1.11.9.0, Type=Counter32, Value=0
OID=.1.3.6.1.2.1.11.10.0, Type=Counter32, Value=0
OID=.1.3.6.1.2.1.11.11.0, Type=Counter32, Value=0
OID=.1.3.6.1.2.1.11.12.0, Type=Counter32, Value=0
OID=.1.3.6.1.2.1.11.13.0, Type=Counter32, Value=11859
OID=.1.3.6.1.2.1.11.14.0, Type=Counter32, Value=0    
OID=.1.3.6.1.2.1.11.15.0, Type=Counter32, Value=6522 
OID=.1.3.6.1.2.1.11.16.0, Type=Counter32, Value=0    
OID=.1.3.6.1.2.1.11.17.0, Type=Counter32, Value=0    
OID=.1.3.6.1.2.1.11.18.0, Type=Counter32, Value=0    
OID=.1.3.6.1.2.1.11.19.0, Type=Counter32, Value=0    
OID=.1.3.6.1.2.1.11.20.0, Type=Counter32, Value=0    
OID=.1.3.6.1.2.1.11.21.0, Type=Counter32, Value=0    
OID=.1.3.6.1.2.1.11.22.0, Type=Counter32, Value=0
OID=.1.3.6.1.2.1.11.24.0, Type=Counter32, Value=0
OID=.1.3.6.1.2.1.11.25.0, Type=Counter32, Value=0
OID=.1.3.6.1.2.1.11.26.0, Type=Counter32, Value=0
OID=.1.3.6.1.2.1.11.27.0, Type=Counter32, Value=0
OID=.1.3.6.1.2.1.11.28.0, Type=Counter32, Value=6719
OID=.1.3.6.1.2.1.11.29.0, Type=Counter32, Value=0
OID=.1.3.6.1.2.1.11.30.0, Type=Integer, Value=2
OID=.1.3.6.1.2.1.11.31.0, Type=Counter32, Value=0
OID=.1.3.6.1.2.1.11.32.0, Type=Counter32, Value=0
OID=.1.3.6.1.2.1.33.1.1.1.0, Type=OctetString, Value=HUAWEI
OID=.1.3.6.1.2.1.33.1.1.2.0, Type=OctetString, Value=UPS2000 10kVA
OID=.1.3.6.1.2.1.33.1.1.3.0, Type=OctetString, Value=V100R001C00SPC610
OID=.1.3.6.1.2.1.33.1.1.4.0, Type=OctetString, Value=V100R002C02B150
OID=.1.3.6.1.2.1.33.1.1.5.0, Type=OctetString, Value=ups2000
OID=.1.3.6.1.2.1.33.1.1.6.0, Type=OctetString, Value=None
OID=.1.3.6.1.2.1.33.1.2.1.0, Type=Gauge32, Value=2
OID=.1.3.6.1.2.1.33.1.2.2.0, Type=Gauge32, Value=0
OID=.1.3.6.1.2.1.33.1.2.3.0, Type=Gauge32, Value=4294967295
OID=.1.3.6.1.2.1.33.1.2.4.0, Type=Gauge32, Value=100
OID=.1.3.6.1.2.1.33.1.2.5.0, Type=Gauge32, Value=2162
OID=.1.3.6.1.2.1.33.1.2.6.0, Type=Integer, Value=3
OID=.1.3.6.1.2.1.33.1.2.7.0, Type=Integer, Value=2147483647
OID=.1.3.6.1.2.1.33.1.3.1.0, Type=Integer, Value=7
OID=.1.3.6.1.2.1.33.1.3.2.0, Type=Gauge32, Value=3
OID=.1.3.6.1.2.1.33.1.3.3.1.1.1, Type=Integer, Value=1
OID=.1.3.6.1.2.1.33.1.3.3.1.1.2, Type=Integer, Value=2
OID=.1.3.6.1.2.1.33.1.3.3.1.1.3, Type=Integer, Value=3
OID=.1.3.6.1.2.1.33.1.3.3.1.2.1, Type=Integer, Value=500
OID=.1.3.6.1.2.1.33.1.3.3.1.2.2, Type=Integer, Value=500
OID=.1.3.6.1.2.1.33.1.3.3.1.2.3, Type=Integer, Value=500
OID=.1.3.6.1.2.1.33.1.3.3.1.3.1, Type=Integer, Value=229
OID=.1.3.6.1.2.1.33.1.3.3.1.3.2, Type=Integer, Value=229
OID=.1.3.6.1.2.1.33.1.3.3.1.3.3, Type=Integer, Value=230
OID=.1.3.6.1.2.1.33.1.4.1.0, Type=Integer, Value=3
OID=.1.3.6.1.2.1.33.1.4.2.0, Type=Gauge32, Value=500
OID=.1.3.6.1.2.1.33.1.4.3.0, Type=Gauge32, Value=1
OID=.1.3.6.1.2.1.33.1.4.4.1.1.1, Type=Integer, Value=1
OID=.1.3.6.1.2.1.33.1.4.4.1.2.1, Type=Integer, Value=220
OID=.1.3.6.1.2.1.33.1.4.4.1.3.1, Type=Integer, Value=122
OID=.1.3.6.1.2.1.33.1.4.4.1.4.1, Type=Integer, Value=2
OID=.1.3.6.1.2.1.33.1.4.4.1.5.1, Type=Integer, Value=27
OID=.1.3.6.1.2.1.33.1.5.1.0, Type=Gauge32, Value=500
OID=.1.3.6.1.2.1.33.1.5.2.0, Type=Gauge32, Value=3
OID=.1.3.6.1.2.1.33.1.5.3.1.1.1, Type=Integer, Value=1
OID=.1.3.6.1.2.1.33.1.5.3.1.1.2, Type=Integer, Value=2
OID=.1.3.6.1.2.1.33.1.5.3.1.1.3, Type=Integer, Value=3
OID=.1.3.6.1.2.1.33.1.5.3.1.2.1, Type=Integer, Value=229
OID=.1.3.6.1.2.1.33.1.5.3.1.2.2, Type=Integer, Value=0
OID=.1.3.6.1.2.1.33.1.5.3.1.2.3, Type=Integer, Value=0
OID=.1.3.6.1.2.1.33.1.6.1.0, Type=Gauge32, Value=0
OID=.1.3.6.1.2.1.33.1.7.1.0, Type=Integer, Value=0
OID=.1.3.6.1.2.1.33.1.7.2.0, Type=Integer, Value=0
OID=.1.3.6.1.2.1.33.1.7.3.0, Type=Integer, Value=0
OID=.1.3.6.1.2.1.33.1.7.4.0, Type=Integer, Value=0
OID=.1.3.6.1.2.1.33.1.7.5.0, Type=Integer, Value=0
OID=.1.3.6.1.2.1.33.1.7.6.0, Type=Integer, Value=0
OID=.1.3.6.1.2.1.33.1.8.1.0, Type=Integer, Value=0
OID=.1.3.6.1.2.1.33.1.8.2.0, Type=Integer, Value=0
OID=.1.3.6.1.2.1.33.1.8.3.0, Type=Integer, Value=0
OID=.1.3.6.1.2.1.33.1.8.4.0, Type=Integer, Value=0
OID=.1.3.6.1.2.1.33.1.8.5.0, Type=Integer, Value=0
OID=.1.3.6.1.2.1.33.1.9.1.0, Type=Integer, Value=0
OID=.1.3.6.1.2.1.33.1.9.2.0, Type=Integer, Value=0
OID=.1.3.6.1.2.1.33.1.9.3.0, Type=Integer, Value=0
OID=.1.3.6.1.2.1.33.1.9.4.0, Type=Integer, Value=0
OID=.1.3.6.1.2.1.33.1.9.5.0, Type=Integer, Value=0
OID=.1.3.6.1.2.1.33.1.9.6.0, Type=Integer, Value=0
OID=.1.3.6.1.2.1.33.1.9.7.0, Type=Integer, Value=0
OID=.1.3.6.1.2.1.33.1.9.8.0, Type=Integer, Value=0
OID=.1.3.6.1.2.1.33.1.9.9.0, Type=Integer, Value=0
OID=.1.3.6.1.2.1.33.1.9.10.0, Type=Integer, Value=0
OID=.1.3.6.1.4.1.2011.6.174.1.1.1.1.0, Type=OctetString, Value=2102290251BTMB000015
OID=.1.3.6.1.4.1.2011.6.174.1.1.1.2.0, Type=OctetString, Value=UPS2000
OID=.1.3.6.1.4.1.2011.6.174.1.1.1.3.0, Type=OctetString, Value=D1.0
OID=.1.3.6.1.4.1.2011.6.174.1.1.1.4.0, Type=Gauge32, Value=1
OID=.1.3.6.1.4.1.2011.6.174.1.1.1.5.0, Type=Gauge32, Value=0
OID=.1.3.6.1.4.1.2011.6.174.1.1.1.6.0, Type=Integer, Value=2147483647
OID=.1.3.6.1.4.1.2011.6.174.1.1.1.7.0, Type=Gauge32, Value=4294967295
OID=.1.3.6.1.4.1.2011.6.174.1.2.100.1.1.1, Type=Gauge32, Value=1
OID=.1.3.6.1.4.1.2011.6.174.1.2.100.1.2.1, Type=OctetString, Value=UPS2000
OID=.1.3.6.1.4.1.2011.6.174.1.2.100.1.3.1, Type=OctetString, Value=V100R001C00SPC610
OID=.1.3.6.1.4.1.2011.6.174.1.2.100.1.4.1, Type=OctetString, Value=D1.0
OID=.1.3.6.1.4.1.2011.6.174.1.2.100.1.5.1, Type=OctetString, Value=2102290251BTMB000015
OID=.1.3.6.1.4.1.2011.6.174.1.2.100.1.6.1, Type=Gauge32, Value=10
OID=.1.3.6.1.4.1.2011.6.174.1.2.100.1.7.1, Type=Gauge32, Value=0
OID=.1.3.6.1.4.1.2011.6.174.1.2.100.1.100.1, Type=Integer, Value=1
OID=.1.3.6.1.4.1.2011.6.174.1.2.101.1.1.1, Type=Integer, Value=3
OID=.1.3.6.1.4.1.2011.6.174.1.2.101.1.3.1, Type=Integer, Value=4
OID=.1.3.6.1.4.1.2011.6.174.1.2.101.1.4.1, Type=Gauge32, Value=360
OID=.1.3.6.1.4.1.2011.6.174.1.2.101.1.5.1, Type=Gauge32, Value=2730
OID=.1.3.6.1.4.1.2011.6.174.1.2.101.1.6.1, Type=Gauge32, Value=0
OID=.1.3.6.1.4.1.2011.6.174.1.2.101.1.101.1, Type=Integer, Value=1
OID=.1.3.6.1.4.1.2011.6.174.1.3.100.1.1.1, Type=Gauge32, Value=2295
OID=.1.3.6.1.4.1.2011.6.174.1.3.100.1.2.1, Type=Gauge32, Value=2290
OID=.1.3.6.1.4.1.2011.6.174.1.3.100.1.3.1, Type=Gauge32, Value=2301
OID=.1.3.6.1.4.1.2011.6.174.1.3.100.1.4.1, Type=Gauge32, Value=4995
OID=.1.3.6.1.4.1.2011.6.174.1.3.100.1.100.1, Type=Integer, Value=1
OID=.1.3.6.1.4.1.2011.6.174.1.4.100.1.1.1, Type=Gauge32, Value=2200
OID=.1.3.6.1.4.1.2011.6.174.1.4.100.1.2.1, Type=Gauge32, Value=4294967295
OID=.1.3.6.1.4.1.2011.6.174.1.4.100.1.3.1, Type=Gauge32, Value=4294967295
OID=.1.3.6.1.4.1.2011.6.174.1.4.100.1.4.1, Type=Gauge32, Value=122
OID=.1.3.6.1.4.1.2011.6.174.1.4.100.1.5.1, Type=Gauge32, Value=4294967295
OID=.1.3.6.1.4.1.2011.6.174.1.4.100.1.6.1, Type=Gauge32, Value=4294967295
OID=.1.3.6.1.4.1.2011.6.174.1.4.100.1.7.1, Type=Gauge32, Value=4992
OID=.1.3.6.1.4.1.2011.6.174.1.4.100.1.8.1, Type=Integer, Value=24
OID=.1.3.6.1.4.1.2011.6.174.1.4.100.1.9.1, Type=Integer, Value=2147483647
OID=.1.3.6.1.4.1.2011.6.174.1.4.100.1.10.1, Type=Integer, Value=2147483647
OID=.1.3.6.1.4.1.2011.6.174.1.4.100.1.11.1, Type=Integer, Value=27
OID=.1.3.6.1.4.1.2011.6.174.1.4.100.1.12.1, Type=Integer, Value=2147483647
OID=.1.3.6.1.4.1.2011.6.174.1.4.100.1.13.1, Type=Integer, Value=2147483647
OID=.1.3.6.1.4.1.2011.6.174.1.4.100.1.14.1, Type=Gauge32, Value=270
OID=.1.3.6.1.4.1.2011.6.174.1.4.100.1.15.1, Type=Gauge32, Value=4294967295
OID=.1.3.6.1.4.1.2011.6.174.1.4.100.1.16.1, Type=Gauge32, Value=4294967295
OID=.1.3.6.1.4.1.2011.6.174.1.4.100.1.100.1, Type=Integer, Value=1
OID=.1.3.6.1.4.1.2011.6.174.1.5.100.1.1.1, Type=Gauge32, Value=2291
OID=.1.3.6.1.4.1.2011.6.174.1.5.100.1.2.1, Type=Gauge32, Value=4294967295
OID=.1.3.6.1.4.1.2011.6.174.1.5.100.1.3.1, Type=Gauge32, Value=4294967295
OID=.1.3.6.1.4.1.2011.6.174.1.5.100.1.4.1, Type=Gauge32, Value=4999
OID=.1.3.6.1.4.1.2011.6.174.1.5.100.1.100.1, Type=Integer, Value=1
OID=.1.3.6.1.4.1.2011.6.174.1.6.100.1.1.1, Type=Gauge32, Value=2162
OID=.1.3.6.1.4.1.2011.6.174.1.6.100.1.2.1, Type=Integer, Value=3
OID=.1.3.6.1.4.1.2011.6.174.1.6.100.1.3.1, Type=Gauge32, Value=100
OID=.1.3.6.1.4.1.2011.6.174.1.6.100.1.4.1, Type=Gauge32, Value=4294967295
OID=.1.3.6.1.4.1.2011.6.174.1.6.100.1.6.1, Type=Integer, Value=2147483647
OID=.1.3.6.1.4.1.2011.6.174.1.6.100.1.100.1, Type=Integer, Value=1
OID=.1.3.6.1.4.1.2011.6.174.1.11.1.0, Type=Gauge32, Value=1673984962
OID=.1.3.6.1.4.1.2011.6.174.1.12.1.0, Type=Gauge32, Value=73
OID=.1.3.6.1.4.1.2011.6.174.1.12.2.0, Type=Gauge32, Value=0
OID=.1.3.6.1.4.1.2011.6.174.1.102.100.1.1.1, Type=Integer, Value=1
OID=.1.3.6.1.4.1.2011.6.174.1.102.100.1.2.1, Type=Integer, Value=255
OID=.1.3.6.1.4.1.2011.6.174.1.102.100.1.3.1, Type=Integer, Value=255
OID=.1.3.6.1.4.1.2011.6.174.1.102.100.1.7.1, Type=Integer, Value=33
OID=.1.3.6.1.4.1.2011.6.174.1.102.100.1.8.1, Type=Integer, Value=2
OID=.1.3.6.1.4.1.2011.6.174.1.102.100.1.9.1, Type=Integer, Value=1
OID=.1.3.6.1.4.1.2011.6.174.1.102.100.1.10.1, Type=Integer, Value=4
OID=.1.3.6.1.4.1.2011.6.174.1.102.100.1.11.1, Type=Integer, Value=1
OID=.1.3.6.1.4.1.2011.6.174.1.102.100.1.12.1, Type=Integer, Value=2
OID=.1.3.6.1.4.1.2011.6.174.1.102.100.1.13.1, Type=Integer, Value=1
OID=.1.3.6.1.4.1.2011.6.174.1.102.100.1.14.1, Type=Integer, Value=2
OID=.1.3.6.1.4.1.2011.6.174.1.102.100.1.15.1, Type=Integer, Value=255
OID=.1.3.6.1.4.1.2011.6.174.1.102.100.1.16.1, Type=Integer, Value=255
OID=.1.3.6.1.4.1.2011.6.174.1.102.100.1.17.1, Type=Integer, Value=255
OID=.1.3.6.1.4.1.2011.6.174.1.102.100.1.18.1, Type=Integer, Value=255
OID=.1.3.6.1.4.1.2011.6.174.1.102.100.1.19.1, Type=Integer, Value=255
OID=.1.3.6.1.4.1.2011.6.174.1.102.100.1.20.1, Type=Gauge32, Value=100
OID=.1.3.6.1.4.1.2011.6.174.1.102.100.1.21.1, Type=Integer, Value=255
OID=.1.3.6.1.4.1.2011.6.174.1.102.100.1.100.1, Type=Integer, Value=1
OID=.1.3.6.1.4.1.2011.6.174.1.103.101.1.1.1, Type=Integer, Value=1
OID=.1.3.6.1.4.1.2011.6.174.1.103.101.1.2.1, Type=Gauge32, Value=0
OID=.1.3.6.1.4.1.2011.6.174.1.103.101.1.3.1, Type=Gauge32, Value=60
OID=.1.3.6.1.4.1.2011.6.174.1.103.101.1.4.1, Type=Gauge32, Value=20
OID=.1.3.6.1.4.1.2011.6.174.1.103.101.1.5.1, Type=Gauge32, Value=0
OID=.1.3.6.1.4.1.2011.6.174.1.103.101.1.6.1, Type=Integer, Value=0
OID=.1.3.6.1.4.1.2011.6.174.1.103.101.1.100.1, Type=Integer, Value=1
OID=.1.3.6.1.6.3.10.2.1.1.0, Type=OctetString, Value=  80 00 1F 88 80 AC C7 F8 73 9B B6 E1 50
OID=.1.3.6.1.6.3.10.2.1.2.0, Type=Integer, Value=16
OID=.1.3.6.1.6.3.10.2.1.3.0, Type=Integer, Value=16576432
OID=.1.3.6.1.6.3.10.2.1.4.0, Type=Integer, Value=1500
OID=.1.3.6.1.6.3.11.2.1.1.0, Type=Counter32, Value=0
OID=.1.3.6.1.6.3.11.2.1.2.0, Type=Counter32, Value=0
OID=.1.3.6.1.6.3.11.2.1.3.0, Type=Counter32, Value=0
OID=.1.3.6.1.6.3.15.1.1.1.0, Type=Counter32, Value=0
OID=.1.3.6.1.6.3.15.1.1.2.0, Type=Counter32, Value=0
OID=.1.3.6.1.6.3.15.1.1.3.0, Type=Counter32, Value=0
OID=.1.3.6.1.6.3.15.1.1.4.0, Type=Counter32, Value=0
OID=.1.3.6.1.6.3.15.1.1.5.0, Type=Counter32, Value=0
OID=.1.3.6.1.6.3.15.1.1.6.0, Type=Counter32, Value=0
OID=.1.3.6.1.6.3.15.1.2.1.0, Type=Integer, Value=0
OID=.1.3.6.1.6.3.16.1.1.1.1.0, Type=OctetString, Value=
OID=.1.3.6.1.6.3.16.1.2.1.3.1.5.99.111.109.109.57, Type=OctetString, Value=grpcomm9
OID=.1.3.6.1.6.3.16.1.2.1.3.1.6.99.111.109.109.49.48, Type=OctetString, Value=grpcomm10
OID=.1.3.6.1.6.3.16.1.2.1.3.1.6.99.111.109.109.49.49, Type=OctetString, Value=grpcomm11
OID=.1.3.6.1.6.3.16.1.2.1.3.2.5.99.111.109.109.57, Type=OctetString, Value=grpcomm9
OID=.1.3.6.1.6.3.16.1.2.1.3.2.6.99.111.109.109.49.48, Type=OctetString, Value=grpcomm10
OID=.1.3.6.1.6.3.16.1.2.1.3.2.6.99.111.109.109.49.49, Type=OctetString, Value=grpcomm11
OID=.1.3.6.1.6.3.16.1.2.1.4.1.5.99.111.109.109.57, Type=Integer, Value=4
OID=.1.3.6.1.6.3.16.1.2.1.4.1.6.99.111.109.109.49.48, Type=Integer, Value=4
OID=.1.3.6.1.6.3.16.1.2.1.4.1.6.99.111.109.109.49.49, Type=Integer, Value=4
OID=.1.3.6.1.6.3.16.1.2.1.4.2.5.99.111.109.109.57, Type=Integer, Value=4
OID=.1.3.6.1.6.3.16.1.2.1.4.2.6.99.111.109.109.49.48, Type=Integer, Value=4
OID=.1.3.6.1.6.3.16.1.2.1.4.2.6.99.111.109.109.49.49, Type=Integer, Value=4
OID=.1.3.6.1.6.3.16.1.2.1.5.1.5.99.111.109.109.57, Type=Integer, Value=1
OID=.1.3.6.1.6.3.16.1.2.1.5.1.6.99.111.109.109.49.48, Type=Integer, Value=1
OID=.1.3.6.1.6.3.16.1.2.1.5.1.6.99.111.109.109.49.49, Type=Integer, Value=1
OID=.1.3.6.1.6.3.16.1.2.1.5.2.5.99.111.109.109.57, Type=Integer, Value=1
OID=.1.3.6.1.6.3.16.1.2.1.5.2.6.99.111.109.109.49.48, Type=Integer, Value=1
OID=.1.3.6.1.6.3.16.1.2.1.5.2.6.99.111.109.109.49.49, Type=Integer, Value=1
OID=.1.3.6.1.6.3.16.1.4.1.4.8.103.114.112.99.111.109.109.57.0.0.1, Type=Integer, Value=2
OID=.1.3.6.1.6.3.16.1.4.1.4.9.103.114.112.99.111.109.109.49.48.0.0.1, Type=Integer, Value=2
OID=.1.3.6.1.6.3.16.1.4.1.4.9.103.114.112.99.111.109.109.49.49.0.0.1, Type=Integer, Value=2
OID=.1.3.6.1.6.3.16.1.4.1.5.8.103.114.112.99.111.109.109.57.0.0.1, Type=OctetString, Value=_all_
OID=.1.3.6.1.6.3.16.1.4.1.5.9.103.114.112.99.111.109.109.49.48.0.0.1, Type=OctetString, Value=_all_
OID=.1.3.6.1.6.3.16.1.4.1.5.9.103.114.112.99.111.109.109.49.49.0.0.1, Type=OctetString, Value=_all_
OID=.1.3.6.1.6.3.16.1.4.1.6.8.103.114.112.99.111.109.109.57.0.0.1, Type=OctetString, Value=none
OID=.1.3.6.1.6.3.16.1.4.1.6.9.103.114.112.99.111.109.109.49.48.0.0.1, Type=OctetString, Value=none
OID=.1.3.6.1.6.3.16.1.4.1.6.9.103.114.112.99.111.109.109.49.49.0.0.1, Type=OctetString, Value=none
OID=.1.3.6.1.6.3.16.1.4.1.7.8.103.114.112.99.111.109.109.57.0.0.1, Type=OctetString, Value=none
OID=.1.3.6.1.6.3.16.1.4.1.7.9.103.114.112.99.111.109.109.49.48.0.0.1, Type=OctetString, Value=none
OID=.1.3.6.1.6.3.16.1.4.1.7.9.103.114.112.99.111.109.109.49.49.0.0.1, Type=OctetString, Value=none
OID=.1.3.6.1.6.3.16.1.4.1.8.8.103.114.112.99.111.109.109.57.0.0.1, Type=Integer, Value=4
OID=.1.3.6.1.6.3.16.1.4.1.8.9.103.114.112.99.111.109.109.49.48.0.0.1, Type=Integer, Value=4
OID=.1.3.6.1.6.3.16.1.4.1.8.9.103.114.112.99.111.109.109.49.49.0.0.1, Type=Integer, Value=4
OID=.1.3.6.1.6.3.16.1.4.1.9.8.103.114.112.99.111.109.109.57.0.0.1, Type=Integer, Value=1
OID=.1.3.6.1.6.3.16.1.4.1.9.9.103.114.112.99.111.109.109.49.48.0.0.1, Type=Integer, Value=1
OID=.1.3.6.1.6.3.16.1.4.1.9.9.103.114.112.99.111.109.109.49.49.0.0.1, Type=Integer, Value=1
OID=.1.3.6.1.6.3.16.1.5.1.0, Type=Integer, Value=0
OID=.1.3.6.1.6.3.16.1.5.2.1.3.5.95.97.108.108.95.1.0, Type=OctetString, Value=
OID=.1.3.6.1.6.3.16.1.5.2.1.3.5.95.97.108.108.95.1.1, Type=OctetString, Value=
OID=.1.3.6.1.6.3.16.1.5.2.1.3.5.95.97.108.108.95.1.2, Type=OctetString, Value=
OID=.1.3.6.1.6.3.16.1.5.2.1.3.6.95.110.111.110.101.95.1.0, Type=OctetString, Value=
OID=.1.3.6.1.6.3.16.1.5.2.1.3.6.95.110.111.110.101.95.1.1, Type=OctetString, Value=
OID=.1.3.6.1.6.3.16.1.5.2.1.3.6.95.110.111.110.101.95.1.2, Type=OctetString, Value=
OID=.1.3.6.1.6.3.16.1.5.2.1.4.5.95.97.108.108.95.1.0, Type=Integer, Value=1
OID=.1.3.6.1.6.3.16.1.5.2.1.4.5.95.97.108.108.95.1.1, Type=Integer, Value=1
OID=.1.3.6.1.6.3.16.1.5.2.1.4.5.95.97.108.108.95.1.2, Type=Integer, Value=1
OID=.1.3.6.1.6.3.16.1.5.2.1.4.6.95.110.111.110.101.95.1.0, Type=Integer, Value=2
OID=.1.3.6.1.6.3.16.1.5.2.1.4.6.95.110.111.110.101.95.1.1, Type=Integer, Value=2
OID=.1.3.6.1.6.3.16.1.5.2.1.4.6.95.110.111.110.101.95.1.2, Type=Integer, Value=2
OID=.1.3.6.1.6.3.16.1.5.2.1.5.5.95.97.108.108.95.1.0, Type=Integer, Value=4
OID=.1.3.6.1.6.3.16.1.5.2.1.5.5.95.97.108.108.95.1.1, Type=Integer, Value=4
OID=.1.3.6.1.6.3.16.1.5.2.1.5.5.95.97.108.108.95.1.2, Type=Integer, Value=4
OID=.1.3.6.1.6.3.16.1.5.2.1.5.6.95.110.111.110.101.95.1.0, Type=Integer, Value=4
OID=.1.3.6.1.6.3.16.1.5.2.1.5.6.95.110.111.110.101.95.1.1, Type=Integer, Value=4
OID=.1.3.6.1.6.3.16.1.5.2.1.5.6.95.110.111.110.101.95.1.2, Type=Integer, Value=4
OID=.1.3.6.1.6.3.16.1.5.2.1.6.5.95.97.108.108.95.1.0, Type=Integer, Value=1
OID=.1.3.6.1.6.3.16.1.5.2.1.6.5.95.97.108.108.95.1.1, Type=Integer, Value=1
OID=.1.3.6.1.6.3.16.1.5.2.1.6.5.95.97.108.108.95.1.2, Type=Integer, Value=1
OID=.1.3.6.1.6.3.16.1.5.2.1.6.6.95.110.111.110.101.95.1.0, Type=Integer, Value=1
OID=.1.3.6.1.6.3.16.1.5.2.1.6.6.95.110.111.110.101.95.1.1, Type=Integer, Value=1
OID=.1.3.6.1.6.3.16.1.5.2.1.6.6.95.110.111.110.101.95.1.2, Type=Integer, Value=1
Total: 273